0 info it worked if it ends with ok
1 verbose cli [ 'node', '/usr/local/bin/npm', 'install', 'zlib' ]
2 info using npm@2.13.5
3 info using node@v0.12.7
4 verbose install initial load of /Users/benosuriano/Documents/stream-adventure/package.json
5 verbose installManyTop reading scoped package data from /Users/benosuriano/Documents/stream-adventure/node_modules/concat-stream/package.json
6 verbose installManyTop reading scoped package data from /Users/benosuriano/Documents/stream-adventure/node_modules/duplexer/package.json
7 verbose installManyTop reading scoped package data from /Users/benosuriano/Documents/stream-adventure/node_modules/duplexer2/package.json
8 verbose installManyTop reading scoped package data from /Users/benosuriano/Documents/stream-adventure/node_modules/npm-debug.log/package.json
9 verbose installManyTop reading scoped package data from /Users/benosuriano/Documents/stream-adventure/node_modules/request/package.json
10 verbose installManyTop reading scoped package data from /Users/benosuriano/Documents/stream-adventure/node_modules/split/package.json
11 verbose installManyTop reading scoped package data from /Users/benosuriano/Documents/stream-adventure/node_modules/stream-combiner/package.json
12 verbose installManyTop reading scoped package data from /Users/benosuriano/Documents/stream-adventure/node_modules/through2/package.json
13 verbose installManyTop reading scoped package data from /Users/benosuriano/Documents/stream-adventure/node_modules/trumpet/package.json
14 verbose installManyTop reading scoped package data from /Users/benosuriano/Documents/stream-adventure/node_modules/websocket-stream/package.json
15 info package.json duplexer@0.1.1 No license field.
16 info package.json duplexer2@0.0.2 license should be a valid SPDX license expression
17 verbose readDependencies loading dependencies from /Users/benosuriano/Documents/stream-adventure/package.json
18 silly cache add args [ 'zlib', null ]
19 verbose cache add spec zlib
20 silly cache add parsed spec { raw: 'zlib',
20 silly cache add   scope: null,
20 silly cache add   name: 'zlib',
20 silly cache add   rawSpec: '',
20 silly cache add   spec: '*',
20 silly cache add   type: 'range' }
21 silly addNamed zlib@*
22 verbose addNamed "*" is a valid semver range for zlib
23 silly addNameRange { name: 'zlib', range: '*', hasData: false }
24 silly mapToRegistry name zlib
25 silly mapToRegistry using default registry
26 silly mapToRegistry registry https://registry.npmjs.org/
27 silly mapToRegistry uri https://registry.npmjs.org/zlib
28 verbose addNameRange registry:https://registry.npmjs.org/zlib not in flight; fetching
29 verbose request uri https://registry.npmjs.org/zlib
30 verbose request no auth needed
31 info attempt registry request try #1 at 7:15:33 PM
32 verbose request id 226e223594bad299
33 http request GET https://registry.npmjs.org/zlib
34 http 200 https://registry.npmjs.org/zlib
35 silly get cb [ 200,
35 silly get   { server: 'CouchDB/1.5.0 (Erlang OTP/R16B03)',
35 silly get     etag: '"EBQNZSBGN9EL34IT3BLYCYHQA"',
35 silly get     'content-type': 'application/json',
35 silly get     'cache-control': 'max-age=60',
35 silly get     'content-length': '6082',
35 silly get     'accept-ranges': 'bytes',
35 silly get     date: 'Tue, 01 Sep 2015 01:15:33 GMT',
35 silly get     via: '1.1 varnish',
35 silly get     age: '0',
35 silly get     connection: 'keep-alive',
35 silly get     'x-served-by': 'cache-iad2130-IAD',
35 silly get     'x-cache': 'MISS',
35 silly get     'x-cache-hits': '0',
35 silly get     'x-timer': 'S1441070133.883321,VS0,VE96',
35 silly get     vary: 'Accept' } ]
36 verbose get saving zlib to /Users/benosuriano/.npm/registry.npmjs.org/zlib/.cache.json
37 silly addNameRange number 2 { name: 'zlib', range: '*', hasData: true }
38 silly addNameRange versions [ 'zlib',
38 silly addNameRange   [ '1.0.0', '1.0.1', '1.0.2', '1.0.3', '1.0.4', '1.0.5' ] ]
39 silly addNamed zlib@1.0.5
40 verbose addNamed "1.0.5" is a plain semver version for zlib
41 silly mapToRegistry name zlib
42 silly mapToRegistry using default registry
43 silly mapToRegistry registry https://registry.npmjs.org/
44 silly mapToRegistry uri https://registry.npmjs.org/zlib
45 verbose addRemoteTarball https://registry.npmjs.org/zlib/-/zlib-1.0.5.tgz not in flight; adding
46 verbose addRemoteTarball [ 'https://registry.npmjs.org/zlib/-/zlib-1.0.5.tgz',
46 verbose addRemoteTarball   '6e7c972fc371c645a6afb03ab14769def114fcc0' ]
47 info retry fetch attempt 1 at 7:15:34 PM
48 info attempt registry request try #1 at 7:15:34 PM
49 http fetch GET https://registry.npmjs.org/zlib/-/zlib-1.0.5.tgz
50 http fetch 200 https://registry.npmjs.org/zlib/-/zlib-1.0.5.tgz
51 silly fetchAndShaCheck shasum 6e7c972fc371c645a6afb03ab14769def114fcc0
52 verbose addTmpTarball /tmp/npm-507-623cf3b9/registry.npmjs.org/zlib/-/zlib-1.0.5.tgz not in flight; adding
53 verbose addTmpTarball already have metadata; skipping unpack for zlib@1.0.5
54 silly cache afterAdd zlib@1.0.5
55 verbose afterAdd /Users/benosuriano/.npm/zlib/1.0.5/package/package.json not in flight; writing
56 verbose afterAdd /Users/benosuriano/.npm/zlib/1.0.5/package/package.json written
57 silly install resolved [ { name: 'zlib',
57 silly install resolved     description: 'Simple, synchronous deflate/inflate for buffers',
57 silly install resolved     version: '1.0.5',
57 silly install resolved     homepage: 'https://github.com/kkaefer/node-zlib',
57 silly install resolved     author: { name: 'Konstantin Käfer', email: 'kkaefer@gmail.com' },
57 silly install resolved     repository: { type: 'git', url: 'git://github.com/kkaefer/node-zlib.git' },
57 silly install resolved     engines: { node: '>=0.2.0' },
57 silly install resolved     licenses: [ [Object] ],
57 silly install resolved     main: './lib/zlib',
57 silly install resolved     _npmJsonOpts:
57 silly install resolved      { file: '/Users/kkaefer/.npm/zlib/1.0.5/package/package.json',
57 silly install resolved        contributors: false,
57 silly install resolved        serverjs: false,
57 silly install resolved        wscript: true },
57 silly install resolved     _id: 'zlib@1.0.5',
57 silly install resolved     scripts: { preinstall: 'node-waf clean || true; node-waf configure build' },
57 silly install resolved     dependencies: {},
57 silly install resolved     devDependencies: {},
57 silly install resolved     _engineSupported: true,
57 silly install resolved     _npmVersion: '1.0.23',
57 silly install resolved     _nodeVersion: 'v0.4.9',
57 silly install resolved     _defaultsLoaded: true,
57 silly install resolved     dist:
57 silly install resolved      { shasum: '6e7c972fc371c645a6afb03ab14769def114fcc0',
57 silly install resolved        tarball: 'http://registry.npmjs.org/zlib/-/zlib-1.0.5.tgz' },
57 silly install resolved     maintainers: [ [Object], [Object], [Object], [Object], [Object] ],
57 silly install resolved     directories: {},
57 silly install resolved     _shasum: '6e7c972fc371c645a6afb03ab14769def114fcc0',
57 silly install resolved     _resolved: 'https://registry.npmjs.org/zlib/-/zlib-1.0.5.tgz',
57 silly install resolved     _from: 'zlib@*' } ]
58 info install zlib@1.0.5 into /Users/benosuriano/Documents/stream-adventure
59 info installOne zlib@1.0.5
60 verbose installOne of zlib to /Users/benosuriano/Documents/stream-adventure not in flight; installing
61 verbose lock using /Users/benosuriano/.npm/_locks/zlib-7976c1307f5ad837.lock for /Users/benosuriano/Documents/stream-adventure/node_modules/zlib
62 silly install write writing zlib 1.0.5 to /Users/benosuriano/Documents/stream-adventure/node_modules/zlib
63 verbose unbuild node_modules/zlib
64 silly gentlyRm /Users/benosuriano/Documents/stream-adventure/node_modules/zlib is being purged from base /Users/benosuriano/Documents/stream-adventure
65 verbose gentlyRm don't care about contents; nuking /Users/benosuriano/Documents/stream-adventure/node_modules/zlib
66 verbose tar unpack /Users/benosuriano/.npm/zlib/1.0.5/package.tgz
67 verbose tar unpacking to /Users/benosuriano/Documents/stream-adventure/node_modules/zlib
68 silly gentlyRm /Users/benosuriano/Documents/stream-adventure/node_modules/zlib is being purged
69 verbose gentlyRm don't care about contents; nuking /Users/benosuriano/Documents/stream-adventure/node_modules/zlib
70 silly gunzTarPerm modes [ '755', '644' ]
71 silly gunzTarPerm extractEntry .gitignore
72 silly gunzTarPerm extractEntry configure
73 silly gunzTarPerm extractEntry index.js
74 silly gunzTarPerm extractEntry LICENSE
75 silly gunzTarPerm extractEntry Makefile
76 silly gunzTarPerm extractEntry package.json
77 silly gunzTarPerm extractEntry README.md
78 silly gunzTarPerm extractEntry wscript
79 silly gunzTarPerm extractEntry lib/zlib.js
80 silly gunzTarPerm extractEntry src/node-zlib.cc
81 silly gunzTarPerm extractEntry test/deflate.test.js
82 silly gunzTarPerm extractEntry test/inflate.test.js
83 verbose write writing to /Users/benosuriano/Documents/stream-adventure/node_modules/zlib/package.json
84 info preinstall zlib@1.0.5
85 verbose unsafe-perm in lifecycle false
86 info zlib@1.0.5 Failed to exec preinstall script
87 verbose unlock done using /Users/benosuriano/.npm/_locks/zlib-7976c1307f5ad837.lock for /Users/benosuriano/Documents/stream-adventure/node_modules/zlib
88 verbose stack Error: zlib@1.0.5 preinstall: `node-waf clean || true; node-waf configure build`
88 verbose stack spawn ENOENT
88 verbose stack     at ChildProcess.<anonymous> (/usr/local/lib/node_modules/npm/lib/utils/spawn.js:17:16)
88 verbose stack     at ChildProcess.emit (events.js:110:17)
88 verbose stack     at maybeClose (child_process.js:1015:16)
88 verbose stack     at Process.ChildProcess._handle.onexit (child_process.js:1087:5)
89 verbose pkgid zlib@1.0.5
90 verbose cwd /Users/benosuriano/Documents/stream-adventure
91 error Darwin 14.4.0
92 error argv "node" "/usr/local/bin/npm" "install" "zlib"
93 error node v0.12.7
94 error npm  v2.13.5
95 error file sh
96 error code ELIFECYCLE
97 error errno ENOENT
98 error syscall spawn
99 error zlib@1.0.5 preinstall: `node-waf clean || true; node-waf configure build`
99 error spawn ENOENT
100 error Failed at the zlib@1.0.5 preinstall script 'node-waf clean || true; node-waf configure build'.
100 error This is most likely a problem with the zlib package,
100 error not with npm itself.
100 error Tell the author that this fails on your system:
100 error     node-waf clean || true; node-waf configure build
100 error You can get their info via:
100 error     npm owner ls zlib
100 error There is likely additional logging output above.
101 verbose exit [ 1, true ]
102 verbose unbuild node_modules/zlib
103 info preuninstall zlib@1.0.5
104 info uninstall zlib@1.0.5
105 verbose unbuild rmStuff zlib@1.0.5 from /Users/benosuriano/Documents/stream-adventure/node_modules
106 info postuninstall zlib@1.0.5
107 silly gentlyRm /Users/benosuriano/Documents/stream-adventure/node_modules/zlib is being purged from base /Users/benosuriano/Documents/stream-adventure
108 verbose gentlyRm don't care about contents; nuking /Users/benosuriano/Documents/stream-adventure/node_modules/zlib
109 silly vacuum-fs purging /Users/benosuriano/Documents/stream-adventure/node_modules/zlib
110 silly vacuum-fs quitting because other entries in /Users/benosuriano/Documents/stream-adventure/node_modules
